<?xml version="1.0" encoding="utf-8"?>
<TestRun id="bfb0fa06-f688-49a3-b5f9-fa5b7b7e4ba5" name="@ed8d1836194d 2024-04-22 15:43:41" xmlns="http://microsoft.com/schemas/VisualStudio/TeamTest/2010">
  <Times creation="2024-04-22T15:43:41.0264309+00:00" queuing="2024-04-22T15:43:41.0264310+00:00" start="2024-04-22T15:43:39.3079736+00:00" finish="2024-04-22T15:43:41.0452179+00:00" />
  <TestSettings name="default" id="f454359f-7674-4d7e-867b-d2074142959c">
    <Deployment runDeploymentRoot="_ed8d1836194d_2024-04-22_15_43_41" />
  </TestSettings>
  <Results>
    <UnitTestResult executionId="a81be812-ed31-4495-9ca4-19890b56800f" testId="9de74cfc-d073-ee1c-a267-3a18892dac8b" testName="SolutionTests.helloWorld returns Hello, world!" computerName="ed8d1836194d" duration="00:00:00.0115795" startTime="2024-04-22T15:43:40.9080654+00:00" endTime="2024-04-22T15:43:40.9080977+00:00" testType="13cdc9d9-ddb5-4fa4-a97d-d965ccfc6d4b" outcome="Failed" testListId="8c84fa94-04c1-424b-9868-57a2d4851a1d" relativeResultsDirectory="a81be812-ed31-4495-9ca4-19890b56800f">
      <Output>
        <ErrorInfo>
          <Message>Assert.Equal() Failure
                 ↓ (pos 7)
Expected: Hello, world!
Actual:   Hello, Guys!
                 ↑ (pos 7)</Message>
          <StackTrace>   at SolutionTests.helloWorld returns Hello, world!() in /solution/SolutionTests.fs:line 11
   at System.RuntimeMethodHandle.InvokeMethod(Object target, Void** arguments, Signature sig, Boolean isConstructor)
   at System.Reflection.MethodInvoker.Invoke(Object obj, IntPtr* args, BindingFlags invokeAttr)</StackTrace>
        </ErrorInfo>
      </Output>
    </UnitTestResult>
  </Results>
  <TestDefinitions>
    <UnitTest name="SolutionTests.helloWorld returns Hello, world!" storage="/solution/bin/debug/net7.0/solution.dll" id="9de74cfc-d073-ee1c-a267-3a18892dac8b">
      <Execution id="a81be812-ed31-4495-9ca4-19890b56800f" />
      <TestMethod codeBase="/solution/bin/Debug/net7.0/Solution.dll" adapterTypeName="executor://xunit/VsTestRunner2/netcoreapp" className="SolutionTests" name="helloWorld returns Hello, world!" />
    </UnitTest>
  </TestDefinitions>
  <TestEntries>
    <TestEntry testId="9de74cfc-d073-ee1c-a267-3a18892dac8b" executionId="a81be812-ed31-4495-9ca4-19890b56800f" testListId="8c84fa94-04c1-424b-9868-57a2d4851a1d" />
  </TestEntries>
  <TestLists>
    <TestList name="Results Not in a List" id="8c84fa94-04c1-424b-9868-57a2d4851a1d" />
    <TestList name="All Loaded Results" id="19431567-8539-422a-85d7-44ee4e166bda" />
  </TestLists>
  <ResultSummary outcome="Failed">
    <Counters total="1" executed="1" passed="0" failed="1" error="0" timeout="0" aborted="0" inconclusive="0" passedButRunAborted="0" notRunnable="0" notExecuted="0" disconnected="0" warning="0" completed="0" inProgress="0" pending="0" />
    <Output>
      <StdOut>[xUnit.net 00:00:00.00] xUnit.net VSTest Adapter v2.4.3+1b45f5407b (64-bit .NET 7.0.11)
[xUnit.net 00:00:00.76]   Discovering: Solution
[xUnit.net 00:00:00.79]   Discovered:  Solution
[xUnit.net 00:00:00.80]   Starting:    Solution
[xUnit.net 00:00:00.87]       Assert.Equal() Failure
[xUnit.net 00:00:00.87]                        ↓ (pos 7)
[xUnit.net 00:00:00.88]       Expected: Hello, world!
[xUnit.net 00:00:00.88]       Actual:   Hello, Guys!
[xUnit.net 00:00:00.88]                        ↑ (pos 7)
[xUnit.net 00:00:00.88]       Stack Trace:
[xUnit.net 00:00:00.88]         /solution/SolutionTests.fs(11,0): at SolutionTests.helloWorld returns Hello, world!()
[xUnit.net 00:00:00.88]            at System.RuntimeMethodHandle.InvokeMethod(Object target, Void** arguments, Signature sig, Boolean isConstructor)
[xUnit.net 00:00:00.88]            at System.Reflection.MethodInvoker.Invoke(Object obj, IntPtr* args, BindingFlags invokeAttr)
[xUnit.net 00:00:00.88]   Finished:    Solution
</StdOut>
    </Output>
    <RunInfos>
      <RunInfo computerName="ed8d1836194d" outcome="Error" timestamp="2024-04-22T15:43:40.9043190+00:00">
        <Text>[xUnit.net 00:00:00.87]     SolutionTests.helloWorld returns Hello, world! [FAIL]</Text>
      </RunInfo>
    </RunInfos>
  </ResultSummary>
</TestRun>