<?xml version="1.0" encoding="utf-8"?>
<TestRun id="4da7d92c-5bb8-43d2-ad23-37374c8ce79c" name="@f485b2cdb841 2024-04-22 15:43:48" xmlns="http://microsoft.com/schemas/VisualStudio/TeamTest/2010">
  <Times creation="2024-04-22T15:43:48.8384420+00:00" queuing="2024-04-22T15:43:48.8384420+00:00" start="2024-04-22T15:43:47.3145093+00:00" finish="2024-04-22T15:43:48.8580969+00:00" />
  <TestSettings name="default" id="e3b9b472-84e1-494a-ad71-597ac16fa3a9">
    <Deployment runDeploymentRoot="_f485b2cdb841_2024-04-22_15_43_48" />
  </TestSettings>
  <Results>
    <UnitTestResult executionId="e7230185-c148-4598-9bc2-6672937884d5" testId="9de74cfc-d073-ee1c-a267-3a18892dac8b" testName="SolutionTests.helloWorld returns Hello, world!" computerName="f485b2cdb841" duration="00:00:00.0027537" startTime="2024-04-22T15:43:48.7124054+00:00" endTime="2024-04-22T15:43:48.7124450+00:00" testType="13cdc9d9-ddb5-4fa4-a97d-d965ccfc6d4b" outcome="Passed" testListId="8c84fa94-04c1-424b-9868-57a2d4851a1d" relativeResultsDirectory="e7230185-c148-4598-9bc2-6672937884d5" />
  </Results>
  <TestDefinitions>
    <UnitTest name="SolutionTests.helloWorld returns Hello, world!" storage="/solution/bin/debug/net7.0/solution.dll" id="9de74cfc-d073-ee1c-a267-3a18892dac8b">
      <Execution id="e7230185-c148-4598-9bc2-6672937884d5" />
      <TestMethod codeBase="/solution/bin/Debug/net7.0/Solution.dll" adapterTypeName="executor://xunit/VsTestRunner2/netcoreapp" className="SolutionTests" name="helloWorld returns Hello, world!" />
    </UnitTest>
  </TestDefinitions>
  <TestEntries>
    <TestEntry testId="9de74cfc-d073-ee1c-a267-3a18892dac8b" executionId="e7230185-c148-4598-9bc2-6672937884d5" testListId="8c84fa94-04c1-424b-9868-57a2d4851a1d" />
  </TestEntries>
  <TestLists>
    <TestList name="Results Not in a List" id="8c84fa94-04c1-424b-9868-57a2d4851a1d" />
    <TestList name="All Loaded Results" id="19431567-8539-422a-85d7-44ee4e166bda" />
  </TestLists>
  <ResultSummary outcome="Completed">
    <Counters total="1" executed="1" passed="1" failed="0" error="0" timeout="0" aborted="0" inconclusive="0" passedButRunAborted="0" notRunnable="0" notExecuted="0" disconnected="0" warning="0" completed="0" inProgress="0" pending="0" />
    <Output>
      <StdOut>[xUnit.net 00:00:00.00] xUnit.net VSTest Adapter v2.4.3+1b45f5407b (64-bit .NET 7.0.11)
[xUnit.net 00:00:00.72]   Discovering: Solution
[xUnit.net 00:00:00.75]   Discovered:  Solution
[xUnit.net 00:00:00.76]   Starting:    Solution
[xUnit.net 00:00:00.83]   Finished:    Solution
</StdOut>
    </Output>
  </ResultSummary>
</TestRun>